[14Feb2024 18:20:22.549] [main/INFO] [cpw.mods.modlauncher.Launcher/MODLAUNCHER]: ModLauncher running: args [--launchTarget, forge_userdev_data, --assetIndex, 12, --assetsDir, C:\Users\Lucas\.gradle\caches\forge_gradle\assets, --gameDir, ., --mod, endgameenhanced, --all, --output, C:\Users\Lucas\Desktop\EndGameEnhanced\src\generated\resources, --existing, C:\Users\Lucas\Desktop\EndGameEnhanced\src\main\resources]
[14Feb2024 18:20:22.556] [main/INFO] [cpw.mods.modlauncher.Launcher/MODLAUNCHER]: JVM identified as Eclipse Adoptium OpenJDK 64-Bit Server VM 17.0.9+9
[14Feb2024 18:20:22.558] [main/INFO] [cpw.mods.modlauncher.Launcher/MODLAUNCHER]: ModLauncher 10.1.2 starting: java version 17.0.9 by Eclipse Adoptium; OS Windows 10 arch amd64 version 10.0
[14Feb2024 18:20:22.657] [main/INFO] [net.minecraftforge.fml.loading.ImmediateWindowHandler/]: ImmediateWindowProvider not loading because launch target is forge_userdev_data
[14Feb2024 18:20:22.752] [main/INFO] [mixin/]: SpongePowered MIXIN Subsystem Version=0.8.5 Source=jar:file:///C:/Users/Lucas/.gradle/caches/modules-2/files-2.1/org.spongepowered/mixin/0.8.5/9d1c0c3a304ae6697ecd477218fa61b850bf57fc/mixin-0.8.5.jar!/ Service=ModLauncher Env=UNKNOWN
[14Feb2024 18:20:23.507] [main/INFO] [net.minecraftforge.fml.loading.moddiscovery.JarInJarDependencyLocator/]: No dependencies to load found. Skipping!
[14Feb2024 18:20:24.490] [main/INFO] [cpw.mods.modlauncher.LaunchServiceHandler/MODLAUNCHER]: Launching target 'forge_userdev_data' with arguments [--gameDir, ., --assetsDir, C:\Users\Lucas\.gradle\caches\forge_gradle\assets, --assetIndex, 12, --mod, endgameenhanced, --all, --output, C:\Users\Lucas\Desktop\EndGameEnhanced\src\generated\resources, --existing, C:\Users\Lucas\Desktop\EndGameEnhanced\src\main\resources]
[14Feb2024 18:20:30.277] [main/FATAL] [net.minecraftforge.fml.ModLoader/LOADING]: File C:\Users\Lucas\Desktop\EndGameEnhanced\build\resources\main constructed 0 mods: [], but had 1 mods specified: [endgameenhanced]
[14Feb2024 18:20:30.277] [main/FATAL] [net.minecraftforge.fml.ModLoader/LOADING]: The following classes are missing, but are reported in the mods.toml: [endgameenhanced]
[14Feb2024 18:20:30.277] [main/FATAL] [net.minecraftforge.fml.ModLoader/LOADING]: The following mods are missing, but have classes in the jar: []
[14Feb2024 18:20:30.277] [main/FATAL] [net.minecraftforge.fml.ModLoader/CORE]: Failed to initialize mod containers
net.minecraftforge.fml.ModLoadingException: fml.modloading.missingclasses
	at net.minecraftforge.fml.ModLoader.buildMods(ModLoader.java:278) ~[fmlcore-1.20.4-49.0.28.jar:1.0]
	at java.util.stream.ReferencePipeline$3$1.accept(ReferencePipeline.java:197) ~[?:?]
	at java.util.stream.ReferencePipeline$3$1.accept(ReferencePipeline.java:197) ~[?:?]
	at java.util.ArrayList$ArrayListSpliterator.forEachRemaining(ArrayList.java:1625) ~[?:?]
	at java.util.stream.AbstractPipeline.copyInto(AbstractPipeline.java:509) ~[?:?]
	at java.util.stream.AbstractPipeline.wrapAndCopyInto(AbstractPipeline.java:499) ~[?:?]
	at java.util.stream.AbstractPipeline.evaluate(AbstractPipeline.java:575) ~[?:?]
	at java.util.stream.AbstractPipeline.evaluateToArrayNode(AbstractPipeline.java:260) ~[?:?]
	at java.util.stream.ReferencePipeline.toArray(ReferencePipeline.java:616) ~[?:?]
	at java.util.stream.ReferencePipeline.toArray(ReferencePipeline.java:622) ~[?:?]
	at java.util.stream.ReferencePipeline.toList(ReferencePipeline.java:627) ~[?:?]
	at net.minecraftforge.fml.ModLoader.gatherAndInitializeMods(ModLoader.java:171) ~[fmlcore-1.20.4-49.0.28.jar:1.0]
	at net.minecraftforge.data.loading.DatagenModLoader.begin(DatagenModLoader.java:46) ~[forge-1.20.4-49.0.28_mapped_parchment_1.20.3-2023.12.31-1.20.4-recomp.jar:?]
	at net.minecraft.data.Main.main(Main.java:103) ~[forge-1.20.4-49.0.28_mapped_parchment_1.20.3-2023.12.31-1.20.4-recomp.jar:?]
	at jdk.internal.reflect.NativeMethodAccessorImpl.invoke0(Native Method) ~[?:?]
	at jdk.internal.reflect.NativeMethodAccessorImpl.invoke(NativeMethodAccessorImpl.java:77) ~[?:?]
	at jdk.internal.reflect.DelegatingMethodAccessorImpl.invoke(DelegatingMethodAccessorImpl.java:43) ~[?:?]
	at java.lang.reflect.Method.invoke(Method.java:568) ~[?:?]
	at net.minecraftforge.fml.loading.targets.CommonLaunchHandler.runTarget(CommonLaunchHandler.java:91) ~[fmlloader-1.20.4-49.0.28.jar:?]
	at net.minecraftforge.fml.loading.targets.CommonLaunchHandler.lambda$makeService$0(CommonLaunchHandler.java:75) ~[fmlloader-1.20.4-49.0.28.jar:?]
	at cpw.mods.modlauncher.LaunchServiceHandler.launch(LaunchServiceHandler.java:54) ~[modlauncher-10.1.2.jar:?]
	at cpw.mods.modlauncher.LaunchServiceHandler.launch(LaunchServiceHandler.java:74) ~[modlauncher-10.1.2.jar:?]
	at cpw.mods.modlauncher.Launcher.run(Launcher.java:114) ~[modlauncher-10.1.2.jar:?]
	at cpw.mods.modlauncher.Launcher.main(Launcher.java:73) ~[modlauncher-10.1.2.jar:?]
	at cpw.mods.modlauncher.BootstrapEntry.main(BootstrapEntry.java:17) ~[modlauncher-10.1.2.jar:?]
	at net.minecraftforge.bootstrap.Bootstrap.moduleMain(Bootstrap.java:97) ~[bootstrap-2.0.0.jar!/:?]
	at jdk.internal.reflect.NativeMethodAccessorImpl.invoke0(Native Method) ~[?:?]
	at jdk.internal.reflect.NativeMethodAccessorImpl.invoke(NativeMethodAccessorImpl.java:77) ~[?:?]
	at jdk.internal.reflect.DelegatingMethodAccessorImpl.invoke(DelegatingMethodAccessorImpl.java:43) ~[?:?]
	at java.lang.reflect.Method.invoke(Method.java:568) ~[?:?]
	at net.minecraftforge.bootstrap.Bootstrap.start(Bootstrap.java:48) ~[bootstrap-2.0.0.jar!/:?]
	at net.minecraftforge.bootstrap.ForgeBootstrap.main(ForgeBootstrap.java:18) ~[bootstrap-2.0.0.jar!/:?]
